[2017-06-07T20:34:24,418][ERROR][o.e.b.Bootstrap          ] Exception
java.lang.RuntimeException: can not run elasticsearch as root
	at org.elasticsearch.bootstrap.Bootstrap.initializeNatives(Bootstrap.java:96) ~[elasticsearch-5.0.0.jar:5.0.0]
	at org.elasticsearch.bootstrap.Bootstrap.setup(Bootstrap.java:155) ~[elasticsearch-5.0.0.jar:5.0.0]
	at org.elasticsearch.bootstrap.Bootstrap.init(Bootstrap.java:286) [elasticsearch-5.0.0.jar:5.0.0]
	at org.elasticsearch.bootstrap.Elasticsearch.init(Elasticsearch.java:112) [elasticsearch-5.0.0.jar:5.0.0]
	at org.elasticsearch.bootstrap.Elasticsearch.execute(Elasticsearch.java:103) [elasticsearch-5.0.0.jar:5.0.0]
	at org.elasticsearch.cli.SettingCommand.execute(SettingCommand.java:54) [elasticsearch-5.0.0.jar:5.0.0]
	at org.elasticsearch.cli.Command.mainWithoutErrorHandling(Command.java:96) [elasticsearch-5.0.0.jar:5.0.0]
	at org.elasticsearch.cli.Command.main(Command.java:62) [elasticsearch-5.0.0.jar:5.0.0]
	at org.elasticsearch.bootstrap.Elasticsearch.main(Elasticsearch.java:80) [elasticsearch-5.0.0.jar:5.0.0]
	at org.elasticsearch.bootstrap.Elasticsearch.main(Elasticsearch.java:73) [elasticsearch-5.0.0.jar:5.0.0]
[2017-06-07T20:34:24,648][WARN ][o.e.b.ElasticsearchUncaughtExceptionHandler] [] uncaught exception in thread [main]
org.elasticsearch.bootstrap.StartupException: java.lang.RuntimeException: can not run elasticsearch as root
	at org.elasticsearch.bootstrap.Elasticsearch.init(Elasticsearch.java:116) ~[elasticsearch-5.0.0.jar:5.0.0]
	at org.elasticsearch.bootstrap.Elasticsearch.execute(Elasticsearch.java:103) ~[elasticsearch-5.0.0.jar:5.0.0]
	at org.elasticsearch.cli.SettingCommand.execute(SettingCommand.java:54) ~[elasticsearch-5.0.0.jar:5.0.0]
	at org.elasticsearch.cli.Command.mainWithoutErrorHandling(Command.java:96) ~[elasticsearch-5.0.0.jar:5.0.0]
	at org.elasticsearch.cli.Command.main(Command.java:62) ~[elasticsearch-5.0.0.jar:5.0.0]
	at org.elasticsearch.bootstrap.Elasticsearch.main(Elasticsearch.java:80) ~[elasticsearch-5.0.0.jar:5.0.0]
	at org.elasticsearch.bootstrap.Elasticsearch.main(Elasticsearch.java:73) ~[elasticsearch-5.0.0.jar:5.0.0]
Caused by: java.lang.RuntimeException: can not run elasticsearch as root
	at org.elasticsearch.bootstrap.Bootstrap.initializeNatives(Bootstrap.java:96) ~[elasticsearch-5.0.0.jar:5.0.0]
	at org.elasticsearch.bootstrap.Bootstrap.setup(Bootstrap.java:155) ~[elasticsearch-5.0.0.jar:5.0.0]
	at org.elasticsearch.bootstrap.Bootstrap.init(Bootstrap.java:286) ~[elasticsearch-5.0.0.jar:5.0.0]
	at org.elasticsearch.bootstrap.Elasticsearch.init(Elasticsearch.java:112) ~[elasticsearch-5.0.0.jar:5.0.0]
	... 6 more
[2017-06-07T20:39:13,236][INFO ][o.e.n.Node               ] [] initializing ...
[2017-06-07T20:39:13,808][INFO ][o.e.e.NodeEnvironment    ] [Dc4LF5J] using [1] data paths, mounts [[/ (/dev/sda1)]], net usable_space [414.1gb], net total_space [454.5gb], spins? [possibly], types [ext4]
[2017-06-07T20:39:13,809][INFO ][o.e.e.NodeEnvironment    ] [Dc4LF5J] heap size [1.9gb], compressed ordinary object pointers [true]
[2017-06-07T20:39:13,811][INFO ][o.e.n.Node               ] [Dc4LF5J] node name [Dc4LF5J] derived from node ID; set [node.name] to override
[2017-06-07T20:39:13,891][INFO ][o.e.n.Node               ] [Dc4LF5J] version[5.0.0], pid[2482], build[253032b/2016-10-26T04:37:51.531Z], OS[Linux/4.4.0-78-generic/amd64], JVM[Oracle Corporation/OpenJDK 64-Bit Server VM/1.8.0_131/25.131-b11]
[2017-06-07T20:39:17,518][INFO ][o.e.p.PluginsService     ] [Dc4LF5J] loaded module [aggs-matrix-stats]
[2017-06-07T20:39:17,518][INFO ][o.e.p.PluginsService     ] [Dc4LF5J] loaded module [ingest-common]
[2017-06-07T20:39:17,519][INFO ][o.e.p.PluginsService     ] [Dc4LF5J] loaded module [lang-expression]
[2017-06-07T20:39:17,520][INFO ][o.e.p.PluginsService     ] [Dc4LF5J] loaded module [lang-groovy]
[2017-06-07T20:39:17,521][INFO ][o.e.p.PluginsService     ] [Dc4LF5J] loaded module [lang-mustache]
[2017-06-07T20:39:17,521][INFO ][o.e.p.PluginsService     ] [Dc4LF5J] loaded module [lang-painless]
[2017-06-07T20:39:17,521][INFO ][o.e.p.PluginsService     ] [Dc4LF5J] loaded module [percolator]
[2017-06-07T20:39:17,521][INFO ][o.e.p.PluginsService     ] [Dc4LF5J] loaded module [reindex]
[2017-06-07T20:39:17,522][INFO ][o.e.p.PluginsService     ] [Dc4LF5J] loaded module [transport-netty3]
[2017-06-07T20:39:17,522][INFO ][o.e.p.PluginsService     ] [Dc4LF5J] loaded module [transport-netty4]
[2017-06-07T20:39:17,523][INFO ][o.e.p.PluginsService     ] [Dc4LF5J] no plugins loaded
[2017-06-07T20:39:23,441][INFO ][o.e.n.Node               ] [Dc4LF5J] initialized
[2017-06-07T20:39:23,441][INFO ][o.e.n.Node               ] [Dc4LF5J] starting ...
[2017-06-07T20:39:24,049][INFO ][o.e.t.TransportService   ] [Dc4LF5J] publish_address {127.0.0.1:9300}, bound_addresses {[::1]:9300}, {127.0.0.1:9300}
[2017-06-07T20:39:24,063][WARN ][o.e.b.BootstrapCheck     ] [Dc4LF5J] max virtual memory areas vm.max_map_count [65530] likely too low, increase to at least [262144]
[2017-06-07T20:39:24,503][INFO ][o.e.m.j.JvmGcMonitorService] [Dc4LF5J] [gc][1] overhead, spent [271ms] collecting in the last [1s]
[2017-06-07T20:39:27,156][INFO ][o.e.c.s.ClusterService   ] [Dc4LF5J] new_master {Dc4LF5J}{Dc4LF5J5Q_2OtBF0XSddYg}{v--Kcw_BRTiygihilJcQDA}{127.0.0.1}{127.0.0.1:9300}, reason: zen-disco-elected-as-master ([0] nodes joined)
[2017-06-07T20:39:27,327][INFO ][o.e.h.HttpServer         ] [Dc4LF5J] publish_address {127.0.0.1:9200}, bound_addresses {[::1]:9200}, {127.0.0.1:9200}
[2017-06-07T20:39:27,327][INFO ][o.e.n.Node               ] [Dc4LF5J] started
[2017-06-07T20:39:27,417][INFO ][o.e.g.GatewayService     ] [Dc4LF5J] recovered [0] indices into cluster_state
[2017-06-07T20:46:05,045][INFO ][o.e.c.m.MetaDataCreateIndexService] [Dc4LF5J] [blog] creating index, cause [api], templates [], shards [5]/[1], mappings [article]
[2017-06-07T20:52:12,745][INFO ][o.e.n.Node               ] [Dc4LF5J] stopping ...
[2017-06-07T20:52:13,584][INFO ][o.e.n.Node               ] [Dc4LF5J] stopped
[2017-06-07T20:52:13,584][INFO ][o.e.n.Node               ] [Dc4LF5J] closing ...
[2017-06-07T20:52:13,741][INFO ][o.e.n.Node               ] [Dc4LF5J] closed
